<?xml version="1.0" encoding="UTF-8"?>
<!-- Generated by org.testng.reporters.JUnitReportReporter -->
<testsuite hostname="ashwin" failures="0" tests="1" name="jenkins.ToLearnJenkinsExecutionTest" time="0.005" errors="0" timestamp="2024-07-15T10:05:37 IST" skipped="0">
  <testcase classname="jenkins.ToLearnJenkinsExecutionTest" name="execute" time="0.005"/>
  <system-out>
    <![CDATA[jenkins class executed]]>
  </system-out>
</testsuite> <!-- jenkins.ToLearnJenkinsExecutionTest -->
